This is pdfTeX, Version 3.14159265-2.6-1.40.19 (TeX Live 2018/Arch Linux) (preloaded format=pdflatex 2018.10.1)  2 OCT 2018 00:31
entering extended mode
 restricted \write18 enabled.
 %&-line parsing enabled.
**ufctex2.sty
(./ufctex2.sty
LaTeX2e <2018-04-01> patch level 5

! LaTeX Error: File `elementos-pos-textuais/glossario.tex' not found.

Type X to quit or <RETURN> to proceed,
or enter new name. (Default extension: tex)

Enter file name: 
! Emergency stop.
<read *> 
         
l.36 \input{elementos-pos-textuais/glossario}
                                             ^^M
*** (cannot \read from terminal in nonstop modes)

 
Here is how much of TeX's memory you used:
 8 strings out of 492642
 174 string characters out of 6135566
 56414 words of memory out of 5000000
 3992 multiletter control sequences out of 15000+600000
 3640 words of font info for 14 fonts, out of 8000000 for 9000
 1141 hyphenation exceptions out of 8191
 5i,0n,3p,88b,8s stack positions out of 5000i,500n,10000p,200000b,80000s
!  ==> Fatal error occurred, no output PDF file produced!
